Starting HxspApplication on summer-QiTianB4550-B452 with PID 19034 (/home/summer/下载/lzw/hxsp/target/classes started by summer in /home/summer/下载/lzw/hxsp)
The following profiles are active: dev
Devtools property defaults active! Set 'spring.devtools.add-properties' to 'false' to disable
For additional web related logging consider setting the 'logging.level.web' property to 'DEBUG'
No MyBatis mapper was found in '[com.example.hxsp]' package. Please check your configuration.
Multiple Spring Data modules found, entering strict repository configuration mode!
Bootstrapping Spring Data Redis repositories in DEFAULT mode.
Finished Spring Data repository scanning in 116ms. Found 0 Redis repository interfaces.
No MyBatis mapper was found in '[com.example.dao]' package. Please check your configuration.
Tomcat initialized with port(s): 8888 (http)
Initializing ProtocolHandler ["http-nio-8888"]
Starting service [Tomcat]
Starting Servlet engine: [Apache Tomcat/9.0.33]
At least one JAR was scanned for TLDs yet contained no TLDs. Enable debug logging for this logger for a complete list of JARs that were scanned but no TLDs were found in them. Skipping unneeded JARs during scanning can improve startup time and JSP compilation time.
Initializing Spring embedded WebApplicationContext
Root WebApplicationContext: initialization completed in 39874 ms
Stopping service [Tomcat]
Exception encountered during context initialization - cancelling refresh attempt: org.springframework.context.ApplicationContextException: Unable to start web server; nested exception is org.springframework.boot.web.server.WebServerException: Unable to start embedded Tomcat


Error starting ApplicationContext. To display the conditions report re-run your application with 'debug' enabled.
Starting HxspApplication on summer-QiTianB4550-B452 with PID 19325 (/home/summer/下载/lzw/hxsp/target/classes started by summer in /home/summer/下载/lzw/hxsp)
The following profiles are active: dev
Devtools property defaults active! Set 'spring.devtools.add-properties' to 'false' to disable
For additional web related logging consider setting the 'logging.level.web' property to 'DEBUG'
No MyBatis mapper was found in '[com.example.hxsp]' package. Please check your configuration.
Multiple Spring Data modules found, entering strict repository configuration mode!
Bootstrapping Spring Data Redis repositories in DEFAULT mode.
Finished Spring Data repository scanning in 10ms. Found 0 Redis repository interfaces.
Tomcat initialized with port(s): 8888 (http)
Initializing ProtocolHandler ["http-nio-8888"]
Starting service [Tomcat]
Starting Servlet engine: [Apache Tomcat/9.0.33]
At least one JAR was scanned for TLDs yet contained no TLDs. Enable debug logging for this logger for a complete list of JARs that were scanned but no TLDs were found in them. Skipping unneeded JARs during scanning can improve startup time and JSP compilation time.
Initializing Spring embedded WebApplicationContext
Root WebApplicationContext: initialization completed in 5454 ms
Stopping service [Tomcat]
Exception encountered during context initialization - cancelling refresh attempt: org.springframework.context.ApplicationContextException: Unable to start web server; nested exception is org.springframework.boot.web.server.WebServerException: Unable to start embedded Tomcat


Error starting ApplicationContext. To display the conditions report re-run your application with 'debug' enabled.
Starting HxspApplication on summer-QiTianB4550-B452 with PID 19504 (/home/summer/下载/lzw/hxsp/target/classes started by summer in /home/summer/下载/lzw/hxsp)
The following profiles are active: dev
Devtools property defaults active! Set 'spring.devtools.add-properties' to 'false' to disable
For additional web related logging consider setting the 'logging.level.web' property to 'DEBUG'
No MyBatis mapper was found in '[com.example.hxsp]' package. Please check your configuration.
Multiple Spring Data modules found, entering strict repository configuration mode!
Bootstrapping Spring Data Redis repositories in DEFAULT mode.
Finished Spring Data repository scanning in 10ms. Found 0 Redis repository interfaces.
Tomcat initialized with port(s): 8888 (http)
Initializing ProtocolHandler ["http-nio-8888"]
Starting service [Tomcat]
Starting Servlet engine: [Apache Tomcat/9.0.33]
At least one JAR was scanned for TLDs yet contained no TLDs. Enable debug logging for this logger for a complete list of JARs that were scanned but no TLDs were found in them. Skipping unneeded JARs during scanning can improve startup time and JSP compilation time.
Initializing Spring embedded WebApplicationContext
Root WebApplicationContext: initialization completed in 3039 ms
Stopping service [Tomcat]
The web application [ROOT] appears to have started a thread named [Abandoned connection cleanup thread] but has failed to stop it. This is very likely to create a memory leak. Stack trace of thread:
 com.mysql.jdbc.AbandonedConnectionCleanupThread.run(AbandonedConnectionCleanupThread.java:39)
Exception encountered during context initialization - cancelling refresh attempt: org.springframework.context.ApplicationContextException: Unable to start web server; nested exception is org.springframework.boot.web.server.WebServerException: Unable to start embedded Tomcat


Error starting ApplicationContext. To display the conditions report re-run your application with 'debug' enabled.
Starting HxspApplication on summer-QiTianB4550-B452 with PID 25201 (/home/summer/下载/lzw/hxsp/target/classes started by summer in /home/summer/下载/lzw/hxsp)
The following profiles are active: dev
Devtools property defaults active! Set 'spring.devtools.add-properties' to 'false' to disable
For additional web related logging consider setting the 'logging.level.web' property to 'DEBUG'
No MyBatis mapper was found in '[com.example.hxsp]' package. Please check your configuration.
Multiple Spring Data modules found, entering strict repository configuration mode!
Bootstrapping Spring Data Redis repositories in DEFAULT mode.
Finished Spring Data repository scanning in 19ms. Found 0 Redis repository interfaces.
Tomcat initialized with port(s): 8888 (http)
Initializing ProtocolHandler ["http-nio-8888"]
Starting service [Tomcat]
Starting Servlet engine: [Apache Tomcat/9.0.33]
At least one JAR was scanned for TLDs yet contained no TLDs. Enable debug logging for this logger for a complete list of JARs that were scanned but no TLDs were found in them. Skipping unneeded JARs during scanning can improve startup time and JSP compilation time.
Initializing Spring embedded WebApplicationContext
Root WebApplicationContext: initialization completed in 2867 ms
Stopping service [Tomcat]
The web application [ROOT] appears to have started a thread named [Abandoned connection cleanup thread] but has failed to stop it. This is very likely to create a memory leak. Stack trace of thread:
Exception encountered during context initialization - cancelling refresh attempt: org.springframework.context.ApplicationContextException: Unable to start web server; nested exception is org.springframework.boot.web.server.WebServerException: Unable to start embedded Tomcat


Error starting ApplicationContext. To display the conditions report re-run your application with 'debug' enabled.
Starting HxspApplication on summer-QiTianB4550-B452 with PID 25507 (/home/summer/下载/lzw/hxsp/target/classes started by summer in /home/summer/下载/lzw/hxsp)
The following profiles are active: dev
Devtools property defaults active! Set 'spring.devtools.add-properties' to 'false' to disable
For additional web related logging consider setting the 'logging.level.web' property to 'DEBUG'
No MyBatis mapper was found in '[com.example.hxsp]' package. Please check your configuration.
Multiple Spring Data modules found, entering strict repository configuration mode!
Bootstrapping Spring Data Redis repositories in DEFAULT mode.
Finished Spring Data repository scanning in 24ms. Found 0 Redis repository interfaces.
Tomcat initialized with port(s): 8888 (http)
Initializing ProtocolHandler ["http-nio-8888"]
Starting service [Tomcat]
Starting Servlet engine: [Apache Tomcat/9.0.33]
At least one JAR was scanned for TLDs yet contained no TLDs. Enable debug logging for this logger for a complete list of JARs that were scanned but no TLDs were found in them. Skipping unneeded JARs during scanning can improve startup time and JSP compilation time.
Initializing Spring embedded WebApplicationContext
Root WebApplicationContext: initialization completed in 3547 ms
Stopping service [Tomcat]
The web application [ROOT] appears to have started a thread named [Abandoned connection cleanup thread] but has failed to stop it. This is very likely to create a memory leak. Stack trace of thread:
 java.lang.Object.wait(Native Method)
 java.lang.ref.ReferenceQueue.remove(ReferenceQueue.java:144)
 com.mysql.jdbc.AbandonedConnectionCleanupThread.run(AbandonedConnectionCleanupThread.java:41)
Exception encountered during context initialization - cancelling refresh attempt: org.springframework.context.ApplicationContextException: Unable to start web server; nested exception is org.springframework.boot.web.server.WebServerException: Unable to start embedded Tomcat


Error starting ApplicationContext. To display the conditions report re-run your application with 'debug' enabled.
Starting HxspApplication on summer-QiTianB4550-B452 with PID 26779 (/home/summer/下载/lzw/hxsp/target/classes started by summer in /home/summer/下载/lzw/hxsp)
The following profiles are active: dev
Devtools property defaults active! Set 'spring.devtools.add-properties' to 'false' to disable
For additional web related logging consider setting the 'logging.level.web' property to 'DEBUG'
No MyBatis mapper was found in '[com.example.hxsp]' package. Please check your configuration.
Multiple Spring Data modules found, entering strict repository configuration mode!
Bootstrapping Spring Data Redis repositories in DEFAULT mode.
Finished Spring Data repository scanning in 209ms. Found 0 Redis repository interfaces.
Tomcat initialized with port(s): 8888 (http)
Initializing ProtocolHandler ["http-nio-8888"]
Starting service [Tomcat]
Starting Servlet engine: [Apache Tomcat/9.0.33]
At least one JAR was scanned for TLDs yet contained no TLDs. Enable debug logging for this logger for a complete list of JARs that were scanned but no TLDs were found in them. Skipping unneeded JARs during scanning can improve startup time and JSP compilation time.
Initializing Spring embedded WebApplicationContext
Root WebApplicationContext: initialization completed in 36026 ms
Exception encountered during context initialization - cancelling refresh attempt: org.springframework.beans.factory.UnsatisfiedDependencyException: Error creating bean with name 'advertisingPageController': Unsatisfied dependency expressed through field 'advertisingPageService'; nested exception is org.springframework.beans.factory.UnsatisfiedDependencyException: Error creating bean with name 'advertisingPageServiceImpl': Unsatisfied dependency expressed through field 'advertisingPageDao'; nested exception is org.springframework.beans.factory.BeanCreationException: Error creating bean with name 'advertisingPageDao' defined in file [/home/summer/下载/lzw/hxsp/target/classes/com/example/hxsp/dao/AdvertisingPageDao.class]: Cannot resolve reference to bean 'db1SqlSessionTemplate' while setting bean property 'sqlSessionTemplate'; nested exception is org.springframework.beans.factory.UnsatisfiedDependencyException: Error creating bean with name 'db1SqlSessionTemplate' defined in class path resource [com/example/hxsp/config/DataSource1Config.class]: Unsatisfied dependency expressed through method 'db1SqlSessionTemplate' parameter 0; nested exception is org.springframework.beans.factory.BeanCreationException: Error creating bean with name 'db1SqlSessionFactory' defined in class path resource [com/example/hxsp/config/DataSource1Config.class]: Bean instantiation via factory method failed; nested exception is org.springframework.beans.BeanInstantiationException: Failed to instantiate [org.apache.ibatis.session.SqlSessionFactory]: Factory method 'db1SqlSessionFactory' threw exception; nested exception is org.springframework.core.NestedIOException: Failed to parse mapping resource: 'file [/home/summer/下载/lzw/hxsp/target/classes/mapper/CartInfoMapping.xml]'; nested exception is org.apache.ibatis.builder.BuilderException: Error parsing Mapper XML. The XML location is 'file [/home/summer/下载/lzw/hxsp/target/classes/mapper/CartInfoMapping.xml]'. Cause: org.apache.ibatis.builder.BuilderException: Error resolving class. Cause: org.apache.ibatis.type.TypeException: Could not resolve type alias 'com.example.bean.hxsp.CartInfo'.  Cause: java.lang.ClassNotFoundException: Cannot find class: com.example.bean.hxsp.CartInfo
Stopping service [Tomcat]


Error starting ApplicationContext. To display the conditions report re-run your application with 'debug' enabled.
Starting HxspApplication on summer-QiTianB4550-B452 with PID 27318 (/home/summer/下载/lzw/hxsp/target/classes started by summer in /home/summer/下载/lzw/hxsp)
The following profiles are active: dev
Devtools property defaults active! Set 'spring.devtools.add-properties' to 'false' to disable
For additional web related logging consider setting the 'logging.level.web' property to 'DEBUG'
No MyBatis mapper was found in '[com.example.hxsp]' package. Please check your configuration.
Multiple Spring Data modules found, entering strict repository configuration mode!
Bootstrapping Spring Data Redis repositories in DEFAULT mode.
Finished Spring Data repository scanning in 10ms. Found 0 Redis repository interfaces.
Tomcat initialized with port(s): 8888 (http)
Initializing ProtocolHandler ["http-nio-8888"]
Starting service [Tomcat]
Starting Servlet engine: [Apache Tomcat/9.0.33]
At least one JAR was scanned for TLDs yet contained no TLDs. Enable debug logging for this logger for a complete list of JARs that were scanned but no TLDs were found in them. Skipping unneeded JARs during scanning can improve startup time and JSP compilation time.
Initializing Spring embedded WebApplicationContext
Root WebApplicationContext: initialization completed in 8047 ms
Initializing ExecutorService 'applicationTaskExecutor'
LiveReload server is running on port 35729
Exposing 2 endpoint(s) beneath base path '/actuator'
Starting ProtocolHandler ["http-nio-8888"]
Tomcat started on port(s): 8888 (http) with context path ''
Started HxspApplication in 20.26 seconds (JVM running for 20.853)
Initializing Spring DispatcherServlet 'dispatcherServlet'
Initializing Servlet 'dispatcherServlet'
Completed initialization in 470 ms
